{"level":"info","message":"Connected to MongoDB.."}
{"level":"info","message":"Connected to MongoDB.."}
{"level":"info","message":"Connected to mongodb://localhost/moveis.."}
{"level":"info","message":"Connected to mongodb://localhost/moveis.."}
{"level":"info","message":"Connected to mongodb://localhost/moveis.."}
{"level":"info","message":"Listening on port 3000..."}
{"level":"info","message":"Connected to mongodb://localhost/moveis.."}
{"level":"info","message":"Listening on port 3000..."}
{"level":"info","message":"Connected to mongodb://localhost/moveis.."}
{"level":"info","message":"Listening on port 3000..."}
{"level":"info","message":"Connected to mongodb://localhost/moveis_tests.."}
{"level":"info","message":"Listening on port 3000..."}
{"level":"info","message":"Connected to mongodb://localhost/moveis_tests.."}
{"level":"info","message":"Listening on port 3000..."}
{"level":"info","message":"Connected to mongodb://localhost/moveis_tests.."}
{"level":"info","message":"Listening on port 3000..."}
{"level":"info","message":"Connected to mongodb://localhost/moveis_tests.."}
{"level":"info","message":"Listening on port 3000..."}
{"level":"error","message":"Could not get genres","metadata":{}}
{"level":"info","message":"Connected to mongodb://localhost/moveis_tests.."}
{"level":"info","message":"Listening on port 3000..."}
{"level":"error","message":"Could not get genres","metadata":{}}
{"level":"info","message":"Connected to mongodb://localhost/moveis_tests.."}
{"level":"info","message":"Connected to mongodb://localhost/moveis.."}
{"level":"info","message":"Listening on port 3000..."}
{"level":"info","message":"Connected to mongodb://localhost/moveis_tests.."}
{"level":"info","message":"Listening on port 3000..."}
{"level":"error","message":"Could not get genres","metadata":{}}
{"level":"info","message":"Connected to mongodb://localhost/moveis_tests.."}
{"level":"error","message":"Could not get genres","metadata":{}}
{"level":"info","message":"Listening on port 3000..."}
{"level":"error","message":"Could not get genres","metadata":{}}
{"level":"info","message":"Connected to mongodb://localhost/moveis_tests.."}
{"level":"error","message":"Could not get genres","metadata":{}}
{"level":"info","message":"Listening on port 3000..."}
{"level":"info","message":"Connected to mongodb://localhost/moveis_tests.."}
{"level":"info","message":"Listening on port 3000..."}
{"level":"info","message":"Connected to mongodb://localhost/moveis_tests.."}
{"level":"info","message":"Listening on port 3000..."}
{"level":"info","message":"Connected to mongodb://localhost/moveis_tests.."}
{"level":"info","message":"Listening on port 3000..."}
{"level":"info","message":"Connected to mongodb://localhost/moveis_tests.."}
{"level":"info","message":"Listening on port 3000..."}
{"level":"info","message":"Connected to mongodb://localhost/moveis_tests.."}
{"level":"info","message":"Listening on port 3000..."}
{"level":"info","message":"Connected to mongodb://localhost/moveis_tests.."}
{"level":"info","message":"Listening on port 3000..."}
{"level":"info","message":"Connected to mongodb://localhost/moveis_tests.."}
{"level":"info","message":"Listening on port 3000..."}
{"level":"info","message":"Connected to mongodb://localhost/moveis_tests.."}
{"level":"info","message":"Listening on port 3000..."}
{"level":"info","message":"Connected to mongodb://localhost/moveis_tests.."}
{"level":"info","message":"Listening on port 3000..."}
{"level":"info","message":"Connected to mongodb://localhost/moveis_tests.."}
{"level":"info","message":"Listening on port 3000..."}
{"level":"info","message":"Connected to mongodb://localhost/moveis_tests.."}
{"level":"info","message":"Listening on port 3000..."}
{"level":"info","message":"Connected to mongodb://localhost/moveis_tests.."}
{"level":"info","message":"Listening on port 3000..."}
{"level":"info","message":"Connected to mongodb://localhost/moveis_tests.."}
{"level":"error","message":"Cast to ObjectId failed for value \"1\" (type string) at path \"_id\" for model \"Genre\"","metadata":{"kind":"ObjectId","message":"Cast to ObjectId failed for value \"1\" (type string) at path \"_id\" for model \"Genre\"","name":"CastError","path":"_id","reason":{},"stringValue":"\"1\"","value":"1","valueType":"string"}}
{"level":"info","message":"Listening on port 3000..."}
{"level":"info","message":"Connected to mongodb://localhost/moveis_tests.."}
{"level":"info","message":"Listening on port 3000..."}
{"level":"info","message":"Connected to mongodb://localhost/moveis_tests.."}
{"level":"info","message":"Listening on port 3000..."}
{"level":"info","message":"Connected to mongodb://localhost/moveis_tests.."}
{"level":"info","message":"Listening on port 3000..."}
{"level":"info","message":"Connected to mongodb://localhost/moveis_tests.."}
{"level":"info","message":"Listening on port 3000..."}
{"level":"info","message":"Connected to mongodb://localhost/moveis_tests.."}
{"level":"info","message":"Listening on port 3000..."}
{"level":"info","message":"Connected to mongodb://localhost/moveis_tests.."}
{"level":"info","message":"Listening on port 3000..."}
{"level":"info","message":"Connected to mongodb://localhost/moveis_tests.."}
{"level":"info","message":"Listening on port 3000..."}
{"level":"info","message":"Connected to mongodb://localhost/moveis_tests.."}
{"level":"info","message":"Listening on port 3000..."}
{"level":"info","message":"Connected to mongodb://localhost/moveis_tests.."}
{"level":"info","message":"Listening on port 3000..."}
{"level":"info","message":"Connected to mongodb://localhost/moveis_tests.."}
{"level":"info","message":"Listening on port 3000..."}
{"level":"info","message":"Connected to mongodb://localhost/moveis_tests.."}
{"level":"info","message":"Listening on port 3000..."}
{"level":"info","message":"Connected to mongodb://localhost/moveis_tests.."}
{"level":"info","message":"Listening on port 3000..."}
{"level":"info","message":"Connected to mongodb://localhost/moveis_tests.."}
{"level":"info","message":"Listening on port 3000..."}
{"level":"info","message":"Connected to mongodb://localhost/moveis_tests.."}
{"level":"info","message":"Listening on port 3000..."}
{"level":"info","message":"Connected to mongodb://localhost/moveis_tests.."}
{"level":"error","message":"Genre validation failed: name: Path `name` (`1234`) is shorter than the minimum allowed length (5).","metadata":{"_message":"Genre validation failed","errors":{"name":{"kind":"minlength","message":"Path `name` (`1234`) is shorter than the minimum allowed length (5).","name":"ValidatorError","path":"name","properties":{"message":"Path `name` (`1234`) is shorter than the minimum allowed length (5).","minlength":5,"path":"name","type":"minlength","value":"1234"},"value":"1234"}},"message":"Genre validation failed: name: Path `name` (`1234`) is shorter than the minimum allowed length (5).","name":"ValidationError"}}
{"level":"info","message":"Listening on port 3000..."}
{"level":"info","message":"Connected to mongodb://localhost/moveis_tests.."}
{"level":"info","message":"Listening on port 3000..."}
{"level":"info","message":"Connected to mongodb://localhost/moveis_tests.."}
{"level":"info","message":"Listening on port 3000..."}
{"level":"info","message":"Connected to mongodb://localhost/moveis_tests.."}
{"level":"info","message":"Listening on port 3000..."}
{"level":"info","message":"Connected to mongodb://localhost/moveis_tests.."}
{"level":"info","message":"Listening on port 3000..."}
{"level":"info","message":"Connected to mongodb://localhost/moveis_tests.."}
{"level":"info","message":"Listening on port 3000..."}
{"level":"info","message":"Connected to mongodb://localhost/moveis_tests.."}
{"level":"info","message":"Listening on port 3000..."}
{"level":"info","message":"Connected to mongodb://localhost/moveis_tests.."}
{"level":"info","message":"Listening on port 3000..."}
{"level":"info","message":"Connected to mongodb://localhost/moveis_tests.."}
{"level":"info","message":"Listening on port 3000..."}
{"level":"info","message":"Connected to mongodb://localhost/moveis_tests.."}
{"level":"info","message":"Listening on port 3000..."}
{"level":"info","message":"Connected to mongodb://localhost/moveis_tests.."}
{"level":"info","message":"Listening on port 3000..."}
{"level":"info","message":"Connected to mongodb://localhost/moveis_tests.."}
{"level":"info","message":"Listening on port 3000..."}
{"level":"info","message":"Connected to mongodb://localhost/moveis_tests.."}
{"level":"info","message":"Listening on port 3000..."}
{"level":"info","message":"Connected to mongodb://localhost/moveis_tests.."}
{"level":"info","message":"Listening on port 3000..."}
{"level":"info","message":"Connected to mongodb://localhost/moveis_tests.."}
{"level":"info","message":"Listening on port 3000..."}
{"level":"info","message":"Connected to mongodb://localhost/moveis_tests.."}
{"level":"info","message":"Listening on port 3000..."}
{"level":"info","message":"Connected to mongodb://localhost/moveis_tests.."}
{"level":"info","message":"Listening on port 3000..."}
{"level":"info","message":"Connected to mongodb://localhost/moveis_tests.."}
{"level":"info","message":"Listening on port 3000..."}
{"level":"info","message":"Connected to mongodb://localhost/moveis_tests.."}
{"level":"info","message":"Listening on port 3000..."}
{"level":"info","message":"Connected to mongodb://localhost/moveis_tests.."}
{"level":"info","message":"Listening on port 3000..."}
{"level":"info","message":"Connected to mongodb://localhost/moveis_tests.."}
{"level":"info","message":"Listening on port 3000..."}
{"level":"info","message":"Connected to mongodb://localhost/moveis_tests.."}
{"level":"info","message":"Listening on port 3000..."}
{"level":"info","message":"Connected to mongodb://localhost/moveis_tests.."}
{"level":"info","message":"Listening on port 3000..."}
{"level":"info","message":"Connected to mongodb://localhost/moveis_tests.."}
{"level":"info","message":"Listening on port 3000..."}
{"level":"info","message":"Connected to mongodb://localhost/moveis_tests.."}
{"level":"info","message":"Listening on port 3000..."}
{"level":"info","message":"Connected to mongodb://localhost/moveis_tests.."}
{"level":"info","message":"Listening on port 3000..."}
{"level":"info","message":"Connected to mongodb://localhost/moveis_tests.."}
{"level":"info","message":"Listening on port 3000..."}
{"level":"info","message":"Connected to mongodb://localhost/moveis_tests.."}
{"level":"info","message":"Listening on port 3000..."}
{"level":"info","message":"Connected to mongodb://localhost/moveis_tests.."}
{"level":"info","message":"Listening on port 3000..."}
{"level":"info","message":"Connected to mongodb://localhost/moveis_tests.."}
{"level":"info","message":"Listening on port 3000..."}
{"level":"info","message":"Connected to mongodb://localhost/moveis_tests.."}
{"level":"info","message":"Listening on port 3000..."}
{"level":"info","message":"Connected to mongodb://localhost/moveis_tests.."}
{"level":"info","message":"Listening on port 3000..."}
{"level":"info","message":"Connected to mongodb://localhost/moveis_tests.."}
{"level":"info","message":"Listening on port 3000..."}
{"level":"info","message":"Connected to mongodb://localhost/moveis_tests.."}
{"level":"info","message":"Listening on port 3000..."}
{"level":"info","message":"Connected to mongodb://localhost/moveis_tests.."}
{"level":"info","message":"Listening on port 3000..."}
{"level":"info","message":"Connected to mongodb://localhost/moveis_tests.."}
{"level":"info","message":"Listening on port 3000..."}
{"level":"info","message":"Connected to mongodb://localhost/moveis_tests.."}
{"level":"info","message":"Listening on port 3000..."}
{"level":"info","message":"Connected to mongodb://localhost/moveis_tests.."}
{"level":"info","message":"Listening on port 3000..."}
{"level":"info","message":"Connected to mongodb://localhost/moveis_tests.."}
{"level":"info","message":"Listening on port 3000..."}
{"level":"info","message":"Connected to mongodb://localhost/moveis_tests.."}
{"level":"info","message":"Listening on port 3000..."}
{"level":"info","message":"Connected to mongodb://localhost/moveis_tests.."}
{"level":"info","message":"Listening on port 3000..."}
{"level":"info","message":"Connected to mongodb://localhost/moveis_tests.."}
{"level":"info","message":"Listening on port 3000..."}
{"level":"info","message":"Connected to mongodb://localhost/moveis_tests.."}
{"level":"error","message":"Cast to ObjectId failed for value \"1\" (type string) at path \"_id\" for model \"Genre\"","metadata":{"kind":"ObjectId","message":"Cast to ObjectId failed for value \"1\" (type string) at path \"_id\" for model \"Genre\"","name":"CastError","path":"_id","reason":{},"stringValue":"\"1\"","value":"1","valueType":"string"}}
{"level":"error","message":"Cast to ObjectId failed for value \"1\" (type string) at path \"_id\" for model \"Genre\"","metadata":{"kind":"ObjectId","message":"Cast to ObjectId failed for value \"1\" (type string) at path \"_id\" for model \"Genre\"","name":"CastError","path":"_id","reason":{},"stringValue":"\"1\"","value":"1","valueType":"string"}}
{"level":"info","message":"Listening on port 3000..."}
{"level":"info","message":"Connected to mongodb://localhost/moveis_tests.."}
{"level":"info","message":"Listening on port 3000..."}
{"level":"info","message":"Connected to mongodb://localhost/moveis_tests.."}
{"level":"error","message":"Cast to ObjectId failed for value \"1\" (type string) at path \"_id\" for model \"Genre\"","metadata":{"kind":"ObjectId","message":"Cast to ObjectId failed for value \"1\" (type string) at path \"_id\" for model \"Genre\"","name":"CastError","path":"_id","reason":{},"stringValue":"\"1\"","value":"1","valueType":"string"}}
{"level":"error","message":"Cast to ObjectId failed for value \"1\" (type string) at path \"_id\" for model \"Genre\"","metadata":{"kind":"ObjectId","message":"Cast to ObjectId failed for value \"1\" (type string) at path \"_id\" for model \"Genre\"","name":"CastError","path":"_id","reason":{},"stringValue":"\"1\"","value":"1","valueType":"string"}}
{"level":"info","message":"Listening on port 3000..."}
{"level":"info","message":"Connected to mongodb://localhost/moveis_tests.."}
{"level":"info","message":"Listening on port 3000..."}
{"level":"info","message":"Connected to mongodb://localhost/moveis_tests.."}
{"level":"error","message":"Cast to ObjectId failed for value \"1\" (type string) at path \"_id\" for model \"Genre\"","metadata":{"kind":"ObjectId","message":"Cast to ObjectId failed for value \"1\" (type string) at path \"_id\" for model \"Genre\"","name":"CastError","path":"_id","reason":{},"stringValue":"\"1\"","value":"1","valueType":"string"}}
{"level":"error","message":"Cast to ObjectId failed for value \"1\" (type string) at path \"_id\" for model \"Genre\"","metadata":{"kind":"ObjectId","message":"Cast to ObjectId failed for value \"1\" (type string) at path \"_id\" for model \"Genre\"","name":"CastError","path":"_id","reason":{},"stringValue":"\"1\"","value":"1","valueType":"string"}}
{"level":"info","message":"Listening on port 3000..."}
{"level":"info","message":"Connected to mongodb://localhost/moveis_tests.."}
{"level":"info","message":"Listening on port 3000..."}
{"level":"info","message":"Connected to mongodb://localhost/moveis_tests.."}
{"level":"info","message":"Listening on port 3000..."}
{"level":"info","message":"Connected to mongodb://localhost/moveis_tests.."}
{"level":"info","message":"Listening on port 3000..."}
{"level":"info","message":"Connected to mongodb://localhost/moveis_tests.."}
{"level":"info","message":"Listening on port 3000..."}
{"level":"info","message":"Connected to mongodb://localhost/moveis_tests.."}
